Arguments: 
  /usr/local/bin/node /usr/local/bin/yarn install ../../quill-upload

PATH: 
  /Users/john/.rvm/gems/ruby-2.6.1/bin:/Users/john/.rvm/gems/ruby-2.6.1@global/bin:/Users/john/.rvm/rubies/ruby-2.6.1/bin:/usr/local/opt/openssl@1.1/bin:/usr/local/opt/openssl/bin:/usr/local/opt/postgresql@9.5/bin:/usr/local/opt/imagemagick@6/bin:/Users/john/flutter/bin:/usr/local/bin:/usr/bin:/bin:/usr/sbin:/sbin:/Applications/VMware Fusion.app/Contents/Public:/usr/local/share/dotnet:~/.dotnet/tools:/Library/Frameworks/Mono.framework/Versions/Current/Commands:/Applications/Wireshark.app/Contents/MacOS:/Users/john/Library/Android/sdk/emulator:/Users/john/Library/Android/sdk/tools:/Users/john/Library/Android/sdk/tools/bin:/Users/john/Library/Android/sdk/platform-tools:/Users/john/.pub-cache/bin:/Users/john/.rvm/bin

Yarn version: 
  1.17.3

Node version: 
  10.16.0

Platform: 
  darwin x64

Trace: 
  SyntaxError: /Users/john/Documents/Workspace/TechFox JSC/Platform/quill-upload/package.json: Unexpected token ] in JSON at position 397
      at JSON.parse (<anonymous>)
      at /usr/local/lib/node_modules/yarn/lib/cli.js:1625:59
      at Generator.next (<anonymous>)
      at step (/usr/local/lib/node_modules/yarn/lib/cli.js:304:30)
      at /usr/local/lib/node_modules/yarn/lib/cli.js:315:13

npm manifest: 
  {
    "name": "quill-plugin-image-upload-demo",
    "version": "0.0.1",
    "description": "",
    "main": "src/index.js",
    "scripts": {
      "build": "webpack",
      "watch": "webpack --progress --watch",
      "start": "webpack-dev-server --open --host 0.0.0.0",
      "eslint": "echo \"Checking code style, please wait ...\" && eslint ./src *.js --cache",
      "test": "echo \"Error: no test specified\" && exit 1"
    },
    "keywords": [],
    "author": "",
    "license": "ISC",
    "pre-commit": [
      "eslint"
    ],
    "dependencies": {
      "babel-core": "^6.26.0",
      "babel-loader": "^7.1.2",
      "babel-preset-es2015": "^6.24.1",
      "clean-webpack-plugin": "^0.1.17",
      "css-loader": "^0.28.7",
      "eslint": "^4.10.0",
      "eslint-loader": "^1.9.0",
      "html-webpack-plugin": "^2.30.1",
      "pre-commit": "^1.2.2",
      "quill": "^1.3.6",
      "quill-upload": "0.0.1",
      "style-loader": "^0.19.0",
      "uglifyjs-webpack-plugin": "^1.0.1",
      "webpack": "^3.8.1",
      "webpack-dev-server": "^2.9.3"
    }
  }

yarn manifest: 
  No manifest

Lockfile: 
  No lockfile
